#
# There is insufficient memory for the Java Runtime Environment to continue.
# Native memory allocation (malloc) failed to allocate 65552 bytes for Chunk::new
# Possible reasons:
#   The system is out of physical RAM or swap space
#   The process is running with CompressedOops enabled, and the Java Heap may be blocking the growth of the native heap
# Possible solutions:
#   Reduce memory load on the system
#   Increase physical memory or swap space
#   Check if swap backing store is full
#   Decrease Java heap size (-Xmx/-Xms)
#   Decrease number of Java threads
#   Decrease Java thread stack sizes (-Xss)
#   Set larger code cache with -XX:ReservedCodeCacheSize=
#   JVM is running with Unscaled Compressed Oops mode in which the Java heap is
#     placed in the first 4GB address space. The Java Heap base address is the
#     maximum limit for the native heap growth. Please use -XX:HeapBaseMinAddress
#     to set the Java Heap base and to place the Java Heap above 4GB virtual address.
# This output file may be truncated or incomplete.
#
#  Out of Memory Error (arena.cpp:197), pid=3084, tid=9272
#
# JRE version: OpenJDK Runtime Environment Corretto-11.0.23.9.1 (11.0.23+9) (build 11.0.23+9-LTS)
# Java VM: OpenJDK 64-Bit Server VM Corretto-11.0.23.9.1 (11.0.23+9-LTS, mixed mode, tiered, compressed oops, g1 gc, windows-amd64)
# No core dump will be written. Minidumps are not enabled by default on client versions of Windows
#

---------------  S U M M A R Y ------------

Command Line: --add-opens=java.base/java.util=ALL-UNNAMED --add-opens=java.base/java.lang=ALL-UNNAMED --add-opens=java.base/java.lang.invoke=ALL-UNNAMED --add-opens=java.base/java.util=ALL-UNNAMED --add-opens=java.prefs/java.util.prefs=ALL-UNNAMED --add-opens=java.prefs/java.util.prefs=ALL-UNNAMED --add-opens=java.base/java.nio.charset=ALL-UNNAMED --add-opens=java.base/java.net=ALL-UNNAMED --add-opens=java.base/java.util.concurrent.atomic=ALL-UNNAMED -Xmx2048m -Dfile.encoding=UTF-8 -Duser.country=ID -Duser.language=en -Duser.variant org.gradle.launcher.daemon.bootstrap.GradleDaemon 7.5

Host: 11th Gen Intel(R) Core(TM) i3-1115G4 @ 3.00GHz, 4 cores, 3G,  Windows 11 , 64 bit Build 22621 (10.0.22621.4391)
Time: Fri Nov 15 23:54:42 2024 SE Asia Standard Time elapsed time: 102.472576 seconds (0d 0h 1m 42s)

---------------  T H R E A D  ---------------

Current thread (0x0000016475ff2000):  JavaThread "C2 CompilerThread0" daemon [_thread_in_native, id=9272, stack(0x00000016fe200000,0x00000016fe300000)]


Current CompileTask:
C2: 102473 9487       4       javax.management.ObjectName::construct (1135 bytes)

Stack: [0x00000016fe200000,0x00000016fe300000]
Native frames: (J=compiled Java code, j=interpreted, Vv=VM code, C=native code)
V  [jvm.dll+0x645c0a]
V  [jvm.dll+0x7d9fe9]
V  [jvm.dll+0x7db6e9]
V  [jvm.dll+0x7dbdd3]
V  [jvm.dll+0x2696b5]
V  [jvm.dll+0xc1dbc]
V  [jvm.dll+0xc236c]
V  [jvm.dll+0xd083a]
V  [jvm.dll+0x54209e]
V  [jvm.dll+0x540c9d]
V  [jvm.dll+0x5401ee]
V  [jvm.dll+0x540201]
V  [jvm.dll+0x551379]
V  [jvm.dll+0x22100b]
V  [jvm.dll+0x22352c]
V  [jvm.dll+0x220744]
V  [jvm.dll+0x19e631]
V  [jvm.dll+0x2306f9]
V  [jvm.dll+0x22e86f]
V  [jvm.dll+0x79b241]
V  [jvm.dll+0x793f14]
V  [jvm.dll+0x6449c5]
C  [ucrtbase.dll+0x29333]
C  [KERNEL32.DLL+0x1259d]
C  [ntdll.dll+0x5af38]


---------------  P R O C E S S  ---------------

Threads class SMR info:
_java_thread_list=0x000001647ce87240, length=78, elements={
0x0000016454eb5800, 0x0000016475683000, 0x0000016475679800, 0x00000164756d0800,
0x00000164756d3800, 0x00000164756d4800, 0x0000016475ff2000, 0x0000016475ff8000,
0x0000016475ffb000, 0x000001647614b000, 0x000001647748b800, 0x000001647738c800,
0x0000016477a7b000, 0x00000164772ea800, 0x0000016476c6c800, 0x0000016477b37000,
0x0000016477b38000, 0x0000016477972800, 0x0000016477120000, 0x0000016477121000,
0x0000016477121800, 0x0000016477122800, 0x000001647711d000, 0x000001647711d800,
0x000001647711e800, 0x0000016477123800, 0x000001647711f800, 0x000001647a391000,
0x000001647a394000, 0x000001647a396000, 0x000001647a393800, 0x000001647a395000,
0x000001647a390000, 0x000001647a396800, 0x000001647a398800, 0x000001647a392800,
0x000001647a39c800, 0x000001647a39f000, 0x000001647a39a000, 0x000001647a399000,
0x000001647a39a800, 0x000001647a39b800, 0x000001647a39d000, 0x000001647a39e000,
0x000001647ae24800, 0x000001647ae22000, 0x000001647ae20800, 0x000001647ae20000,
0x000001647ae1f000, 0x000001647ae21800, 0x000001647ae23000, 0x000001647ae24000,
0x000001647ae25800, 0x000001647838d800, 0x0000016478392000, 0x000001647838e800,
0x0000016478392800, 0x000001647838d000, 0x0000016478393800, 0x000001647838f800,
0x0000016478394800, 0x0000016478395000, 0x0000016478396000, 0x0000016478390000,
0x0000016478391000, 0x000001647839b800, 0x0000016478396800, 0x0000016478398800,
0x0000016478399000, 0x000001647839a000, 0x0000016478397800, 0x000001647839b000,
0x000001647c7fe000, 0x000001647c7fc800, 0x000001647c7ff000, 0x000001647c7fa000,
0x000001647c7f9800, 0x000001647c800800
}

Java Threads: ( => current thread )
  0x0000016454eb5800 JavaThread "main" [_thread_blocked, id=12608, stack(0x00000016fd600000,0x00000016fd700000)]
  0x0000016475683000 JavaThread "Reference Handler" daemon [_thread_blocked, id=8348, stack(0x00000016fdd00000,0x00000016fde00000)]
  0x0000016475679800 JavaThread "Finalizer" daemon [_thread_blocked, id=10920, stack(0x00000016fde00000,0x00000016fdf00000)]
  0x00000164756d0800 JavaThread "Signal Dispatcher" daemon [_thread_blocked, id=3372, stack(0x00000016fdf00000,0x00000016fe000000)]
  0x00000164756d3800 JavaThread "Attach Listener" daemon [_thread_blocked, id=12244, stack(0x00000016fe000000,0x00000016fe100000)]
  0x00000164756d4800 JavaThread "Service Thread" daemon [_thread_blocked, id=9848, stack(0x00000016fe100000,0x00000016fe200000)]
=>0x0000016475ff2000 JavaThread "C2 CompilerThread0" daemon [_thread_in_native, id=9272, stack(0x00000016fe200000,0x00000016fe300000)]
  0x0000016475ff8000 JavaThread "C1 CompilerThread0" daemon [_thread_blocked, id=7700, stack(0x00000016fe300000,0x00000016fe400000)]
  0x0000016475ffb000 JavaThread "Sweeper thread" daemon [_thread_blocked, id=6588, stack(0x00000016fe400000,0x00000016fe500000)]
  0x000001647614b000 JavaThread "Common-Cleaner" daemon [_thread_blocked, id=8016, stack(0x00000016fe500000,0x00000016fe600000)]
  0x000001647748b800 JavaThread "Daemon health stats" [_thread_blocked, id=5116, stack(0x00000016fe800000,0x00000016fe900000)]
  0x000001647738c800 JavaThread "Incoming local TCP Connector on port 51331" [_thread_in_native, id=1088, stack(0x00000016fe900000,0x00000016fea00000)]
  0x0000016477a7b000 JavaThread "Daemon periodic checks" [_thread_blocked, id=13116, stack(0x00000016fea00000,0x00000016feb00000)]
  0x00000164772ea800 JavaThread "Daemon" [_thread_blocked, id=13144, stack(0x00000016feb00000,0x00000016fec00000)]
  0x0000016476c6c800 JavaThread "Handler for socket connection from /127.0.0.1:51331 to /127.0.0.1:51333" [_thread_in_native, id=5548, stack(0x00000016fec00000,0x00000016fed00000)]
  0x0000016477b37000 JavaThread "Cancel handler" [_thread_blocked, id=2688, stack(0x00000016fed00000,0x00000016fee00000)]
  0x0000016477b38000 JavaThread "Daemon worker" [_thread_in_native, id=12592, stack(0x00000016fee00000,0x00000016fef00000)]
  0x0000016477972800 JavaThread "Asynchronous log dispatcher for DefaultDaemonConnection: socket connection from /127.0.0.1:51331 to /127.0.0.1:51333" [_thread_blocked, id=4480, stack(0x00000016fef00000,0x00000016ff000000)]
  0x0000016477120000 JavaThread "Daemon client event forwarder" [_thread_blocked, id=3688, stack(0x00000016ff100000,0x00000016ff200000)]
  0x0000016477121000 JavaThread "Cache worker for journal cache (C:\Users\Personal\.gradle\caches\journal-1)" [_thread_blocked, id=6448, stack(0x00000016ff200000,0x00000016ff300000)]
  0x0000016477121800 JavaThread "File lock request listener" [_thread_in_native, id=12784, stack(0x00000016ff500000,0x00000016ff600000)]
  0x0000016477122800 JavaThread "Cache worker for file hash cache (C:\Users\Personal\.gradle\caches\7.5\fileHashes)" [_thread_blocked, id=9368, stack(0x00000016ff600000,0x00000016ff700000)]
  0x000001647711d000 JavaThread "File watcher server" daemon [_thread_in_native, id=11348, stack(0x00000016ff700000,0x00000016ff800000)]
  0x000001647711d800 JavaThread "File watcher consumer" daemon [_thread_blocked, id=2844, stack(0x00000016ff800000,0x00000016ff900000)]
  0x000001647711e800 JavaThread "jar transforms" [_thread_blocked, id=6536, stack(0x00000016ff900000,0x00000016ffa00000)]
  0x0000016477123800 JavaThread "jar transforms Thread 2" [_thread_blocked, id=12100, stack(0x00000016ffa00000,0x00000016ffb00000)]
  0x000001647711f800 JavaThread "jar transforms Thread 3" [_thread_blocked, id=1840, stack(0x00000016ffb00000,0x00000016ffc00000)]
  0x000001647a391000 JavaThread "jar transforms Thread 4" [_thread_blocked, id=2860, stack(0x00000016ffc00000,0x00000016ffd00000)]
  0x000001647a394000 JavaThread "Cache worker for checksums cache (D:\SIMPENS40\.gradle\7.5\checksums)" [_thread_blocked, id=12568, stack(0x00000016fff00000,0x0000001700000000)]
  0x000001647a396000 JavaThread "Cache worker for cache directory md-rule (C:\Users\Personal\.gradle\caches\7.5\md-rule)" [_thread_blocked, id=10788, stack(0x0000001680000000,0x0000001680100000)]
  0x000001647a393800 JavaThread "Cache worker for file content cache (C:\Users\Personal\.gradle\caches\7.5\fileContent)" [_thread_blocked, id=11632, stack(0x0000001680100000,0x0000001680200000)]
  0x000001647a395000 JavaThread "Cache worker for file hash cache (D:\SIMPENS40\.gradle\7.5\fileHashes)" [_thread_blocked, id=13132, stack(0x0000001680200000,0x0000001680300000)]
  0x000001647a390000 JavaThread "Cache worker for cache directory md-supplier (C:\Users\Personal\.gradle\caches\7.5\md-supplier)" [_thread_blocked, id=12648, stack(0x0000001680300000,0x0000001680400000)]
  0x000001647a396800 JavaThread "Cache worker for execution history cache (C:\Users\Personal\.gradle\caches\7.5\executionHistory)" [_thread_blocked, id=2628, stack(0x0000001680400000,0x0000001680500000)]
  0x000001647a398800 JavaThread "Cache worker for dependencies-accessors (D:\SIMPENS40\.gradle\7.5\dependencies-accessors)" [_thread_blocked, id=4032, stack(0x0000001680500000,0x0000001680600000)]
  0x000001647a392800 JavaThread "Cache worker for Build Output Cleanup Cache (D:\SIMPENS40\.gradle\buildOutputCleanup)" [_thread_blocked, id=12596, stack(0x0000001680600000,0x0000001680700000)]
  0x000001647a39c800 JavaThread "Unconstrained build operations" [_thread_blocked, id=7028, stack(0x0000001680b00000,0x0000001680c00000)]
  0x000001647a39f000 JavaThread "Unconstrained build operations Thread 2" [_thread_blocked, id=10804, stack(0x0000001680c00000,0x0000001680d00000)]
  0x000001647a39a000 JavaThread "Unconstrained build operations Thread 3" [_thread_blocked, id=504, stack(0x0000001680d00000,0x0000001680e00000)]
  0x000001647a399000 JavaThread "Unconstrained build operations Thread 4" [_thread_blocked, id=10968, stack(0x0000001680e00000,0x0000001680f00000)]
  0x000001647a39a800 JavaThread "Unconstrained build operations Thread 5" [_thread_blocked, id=9232, stack(0x0000001680f00000,0x0000001681000000)]
  0x000001647a39b800 JavaThread "Unconstrained build operations Thread 6" [_thread_blocked, id=5964, stack(0x0000001681000000,0x0000001681100000)]
  0x000001647a39d000 JavaThread "Unconstrained build operations Thread 7" [_thread_blocked, id=11720, stack(0x0000001681100000,0x0000001681200000)]
  0x000001647a39e000 JavaThread "Unconstrained build operations Thread 8" [_thread_blocked, id=5416, stack(0x0000001681200000,0x0000001681300000)]
  0x000001647ae24800 JavaThread "Unconstrained build operations Thread 9" [_thread_blocked, id=5160, stack(0x0000001681300000,0x0000001681400000)]
  0x000001647ae22000 JavaThread "Unconstrained build operations Thread 10" [_thread_blocked, id=3684, stack(0x0000001681400000,0x0000001681500000)]
  0x000001647ae20800 JavaThread "Unconstrained build operations Thread 11" [_thread_blocked, id=9108, stack(0x0000001681500000,0x0000001681600000)]
  0x000001647ae20000 JavaThread "Unconstrained build operations Thread 12" [_thread_blocked, id=6916, stack(0x0000001681600000,0x0000001681700000)]
  0x000001647ae1f000 JavaThread "Unconstrained build operations Thread 13" [_thread_blocked, id=13004, stack(0x0000001681700000,0x0000001681800000)]
  0x000001647ae21800 JavaThread "Unconstrained build operations Thread 14" [_thread_blocked, id=5032, stack(0x0000001681800000,0x0000001681900000)]
  0x000001647ae23000 JavaThread "Unconstrained build operations Thread 15" [_thread_blocked, id=3952, stack(0x0000001681900000,0x0000001681a00000)]
  0x000001647ae24000 JavaThread "Unconstrained build operations Thread 16" [_thread_blocked, id=10188, stack(0x0000001681a00000,0x0000001681b00000)]
  0x000001647ae25800 JavaThread "Unconstrained build operations Thread 17" [_thread_blocked, id=10176, stack(0x0000001681b00000,0x0000001681c00000)]
  0x000001647838d800 JavaThread "Unconstrained build operations Thread 18" [_thread_blocked, id=6616, stack(0x0000001681c00000,0x0000001681d00000)]
  0x0000016478392000 JavaThread "Unconstrained build operations Thread 19" [_thread_blocked, id=12488, stack(0x0000001681d00000,0x0000001681e00000)]
  0x000001647838e800 JavaThread "Unconstrained build operations Thread 20" [_thread_blocked, id=6000, stack(0x0000001681e00000,0x0000001681f00000)]
  0x0000016478392800 JavaThread "Unconstrained build operations Thread 21" [_thread_blocked, id=5212, stack(0x0000001681f00000,0x0000001682000000)]
  0x000001647838d000 JavaThread "Unconstrained build operations Thread 22" [_thread_blocked, id=2316, stack(0x0000001682000000,0x0000001682100000)]
  0x0000016478393800 JavaThread "Unconstrained build operations Thread 23" [_thread_blocked, id=5192, stack(0x0000001682100000,0x0000001682200000)]
  0x000001647838f800 JavaThread "Unconstrained build operations Thread 24" [_thread_blocked, id=4660, stack(0x0000001682200000,0x0000001682300000)]
  0x0000016478394800 JavaThread "Unconstrained build operations Thread 25" [_thread_blocked, id=11924, stack(0x0000001682300000,0x0000001682400000)]
  0x0000016478395000 JavaThread "Unconstrained build operations Thread 26" [_thread_blocked, id=7324, stack(0x0000001682400000,0x0000001682500000)]
  0x0000016478396000 JavaThread "Unconstrained build operations Thread 27" [_thread_blocked, id=13248, stack(0x0000001682500000,0x0000001682600000)]
  0x0000016478390000 JavaThread "Unconstrained build operations Thread 28" [_thread_blocked, id=12072, stack(0x0000001682600000,0x0000001682700000)]
  0x0000016478391000 JavaThread "Unconstrained build operations Thread 29" [_thread_blocked, id=2480, stack(0x0000001682700000,0x0000001682800000)]
  0x000001647839b800 JavaThread "Unconstrained build operations Thread 30" [_thread_blocked, id=11004, stack(0x0000001682800000,0x0000001682900000)]
  0x0000016478396800 JavaThread "Unconstrained build operations Thread 31" [_thread_blocked, id=12348, stack(0x0000001682900000,0x0000001682a00000)]
  0x0000016478398800 JavaThread "Unconstrained build operations Thread 32" [_thread_blocked, id=9420, stack(0x0000001682a00000,0x0000001682b00000)]
  0x0000016478399000 JavaThread "Unconstrained build operations Thread 33" [_thread_blocked, id=4476, stack(0x0000001682b00000,0x0000001682c00000)]
  0x000001647839a000 JavaThread "Unconstrained build operations Thread 34" [_thread_blocked, id=12976, stack(0x0000001682c00000,0x0000001682d00000)]
  0x0000016478397800 JavaThread "Unconstrained build operations Thread 35" [_thread_blocked, id=8384, stack(0x0000001682d00000,0x0000001682e00000)]
  0x000001647839b000 JavaThread "Unconstrained build operations Thread 36" [_thread_blocked, id=12600, stack(0x0000001682e00000,0x0000001682f00000)]
  0x000001647c7fe000 JavaThread "Unconstrained build operations Thread 37" [_thread_blocked, id=13256, stack(0x0000001682f00000,0x0000001683000000)]
  0x000001647c7fc800 JavaThread "Unconstrained build operations Thread 38" [_thread_blocked, id=5664, stack(0x0000001683000000,0x0000001683100000)]
  0x000001647c7ff000 JavaThread "Unconstrained build operations Thread 39" [_thread_blocked, id=12276, stack(0x0000001683100000,0x0000001683200000)]
  0x000001647c7fa000 JavaThread "Unconstrained build operations Thread 40" [_thread_blocked, id=1940, stack(0x0000001683200000,0x0000001683300000)]
  0x000001647c7f9800 JavaThread "Memory manager" [_thread_blocked, id=4848, stack(0x0000001683300000,0x0000001683400000)]
  0x000001647c800800 JavaThread "pool-3-thread-1" [_thread_blocked, id=10660, stack(0x0000001683400000,0x0000001683500000)]

Other Threads:
  0x000001647566f800 VMThread "VM Thread" [stack: 0x00000016fdc00000,0x00000016fdd00000] [id=2296]
  0x0000016476187000 WatcherThread [stack: 0x00000016fe600000,0x00000016fe700000] [id=11364]
  0x0000016454ece800 GCTaskThread "GC Thread#0" [stack: 0x00000016fd700000,0x00000016fd800000] [id=6704]
  0x0000016476811000 GCTaskThread "GC Thread#1" [stack: 0x00000016fe700000,0x00000016fe800000] [id=9664]
  0x000001647701c800 GCTaskThread "GC Thread#2" [stack: 0x00000016ff300000,0x00000016ff400000] [id=12888]
  0x0000016477840000 GCTaskThread "GC Thread#3" [stack: 0x00000016ff400000,0x00000016ff500000] [id=10928]
  0x0000016454eff800 ConcurrentGCThread "G1 Main Marker" [stack: 0x00000016fd800000,0x00000016fd900000] [id=3088]
  0x0000016454f02000 ConcurrentGCThread "G1 Conc#0" [stack: 0x00000016fd900000,0x00000016fda00000] [id=8908]
  0x0000016454f5e800 ConcurrentGCThread "G1 Refine#0" [stack: 0x00000016fda00000,0x00000016fdb00000] [id=1244]
  0x0000016454f5f800 ConcurrentGCThread "G1 Young RemSet Sampling" [stack: 0x00000016fdb00000,0x00000016fdc00000] [id=10516]

Threads with active compile tasks:
C2 CompilerThread0   102604 9487       4       javax.management.ObjectName::construct (1135 bytes)

VM state:not at safepoint (normal execution)

VM Mutex/Monitor currently owned by a thread: None

Heap address: 0x0000000080000000, size: 2048 MB, Compressed Oops mode: 32-bit
Narrow klass base: 0x0000000000000000, Narrow klass shift: 3
Compressed class space size: 1073741824 Address: 0x0000000100000000

Heap:
 garbage-first heap   total 159744K, used 116251K [0x0000000080000000, 0x0000000100000000)
  region size 1024K, 24 young (24576K), 2 survivors (2048K)
 Metaspace       used 89355K, capacity 91596K, committed 91904K, reserved 1128448K
  class space    used 11402K, capacity 12232K, committed 12288K, reserved 1048576K
Heap Regions: E=young(eden), S=young(survivor), O=old, HS=humongous(starts), HC=humongous(continues), CS=collection set, F=free, A=archive, TAMS=top-at-mark-start (previous, next)
|   0|0x0000000080000000, 0x0000000080100000, 0x0000000080100000|100%|HS|  |TAMS 0x0000000080100000, 0x0000000080000000| Complete 
|   1|0x0000000080100000, 0x0000000080200000, 0x0000000080200000|100%|HC|  |TAMS 0x0000000080200000, 0x0000000080100000| Complete 
|   2|0x0000000080200000, 0x0000000080300000, 0x0000000080300000|100%|HC|  |TAMS 0x0000000080300000, 0x0000000080200000| Complete 
|   3|0x0000000080300000, 0x0000000080400000, 0x0000000080400000|100%| O|  |TAMS 0x0000000080400000, 0x0000000080300000| Untracked 
|   4|0x0000000080400000, 0x0000000080500000, 0x0000000080500000|100%| O|  |TAMS 0x0000000080500000, 0x0000000080400000| Untracked 
|   5|0x0000000080500000, 0x0000000080600000, 0x0000000080600000|100%| O|  |TAMS 0x0000000080600000, 0x0000000080500000| Untracked 
|   6|0x0000000080600000, 0x0000000080700000, 0x0000000080700000|100%| O|  |TAMS 0x0000000080700000, 0x0000000080600000| Untracked 
|   7|0x0000000080700000, 0x0000000080800000, 0x0000000080800000|100%| O|  |TAMS 0x0000000080800000, 0x0000000080700000| Untracked 
|   8|0x0000000080800000, 0x0000000080900000, 0x0000000080900000|100%| O|  |TAMS 0x0000000080900000, 0x0000000080800000| Untracked 
|   9|0x0000000080900000, 0x0000000080a00000, 0x0000000080a00000|100%| O|  |TAMS 0x0000000080a00000, 0x0000000080900000| Untracked 
|  10|0x0000000080a00000, 0x0000000080b00000, 0x0000000080b00000|100%| O|  |TAMS 0x0000000080b00000, 0x0000000080a00000| Untracked 
|  11|0x0000000080b00000, 0x0000000080c00000, 0x0000000080c00000|100%| O|  |TAMS 0x0000000080c00000, 0x0000000080b00000| Untracked 
|  12|0x0000000080c00000, 0x0000000080d00000, 0x0000000080d00000|100%| O|  |TAMS 0x0000000080d00000, 0x0000000080c00000| Untracked 
|  13|0x0000000080d00000, 0x0000000080e00000, 0x0000000080e00000|100%| O|  |TAMS 0x0000000080e00000, 0x0000000080d00000| Untracked 
|  14|0x0000000080e00000, 0x0000000080f00000, 0x0000000080f00000|100%| O|  |TAMS 0x0000000080f00000, 0x0000000080e00000| Untracked 
|  15|0x0000000080f00000, 0x0000000081000000, 0x0000000081000000|100%| O|  |TAMS 0x0000000081000000, 0x0000000080f00000| Untracked 
|  16|0x0000000081000000, 0x0000000081100000, 0x0000000081100000|100%| O|  |TAMS 0x0000000081100000, 0x0000000081000000| Untracked 
|  17|0x0000000081100000, 0x0000000081200000, 0x0000000081200000|100%| O|  |TAMS 0x0000000081200000, 0x0000000081100000| Untracked 
|  18|0x0000000081200000, 0x0000000081300000, 0x0000000081300000|100%|HS|  |TAMS 0x0000000081300000, 0x0000000081200000| Complete 
|  19|0x0000000081300000, 0x0000000081400000, 0x0000000081400000|100%|HC|  |TAMS 0x0000000081400000, 0x0000000081300000| Complete 
|  20|0x0000000081400000, 0x0000000081500000, 0x0000000081500000|100%|HS|  |TAMS 0x0000000081500000, 0x0000000081400000| Complete 
|  21|0x0000000081500000, 0x0000000081600000, 0x0000000081600000|100%|HC|  |TAMS 0x0000000081600000, 0x0000000081500000| Complete 
|  22|0x0000000081600000, 0x0000000081700000, 0x0000000081700000|100%|HC|  |TAMS 0x0000000081700000, 0x0000000081600000| Complete 
|  23|0x0000000081700000, 0x0000000081800000, 0x0000000081800000|100%|HS|  |TAMS 0x0000000081800000, 0x0000000081700000| Complete 
|  24|0x0000000081800000, 0x0000000081900000, 0x0000000081900000|100%|HS|  |TAMS 0x0000000081900000, 0x0000000081800000| Complete 
|  25|0x0000000081900000, 0x0000000081a00000, 0x0000000081a00000|100%|HC|  |TAMS 0x0000000081a00000, 0x0000000081900000| Complete 
|  26|0x0000000081a00000, 0x0000000081b00000, 0x0000000081b00000|100%|HC|  |TAMS 0x0000000081b00000, 0x0000000081a00000| Complete 
|  27|0x0000000081b00000, 0x0000000081c00000, 0x0000000081c00000|100%|HC|  |TAMS 0x0000000081c00000, 0x0000000081b00000| Complete 
|  28|0x0000000081c00000, 0x0000000081d00000, 0x0000000081d00000|100%| O|  |TAMS 0x0000000081d00000, 0x0000000081c00000| Untracked 
|  29|0x0000000081d00000, 0x0000000081e00000, 0x0000000081e00000|100%| O|  |TAMS 0x0000000081e00000, 0x0000000081d00000| Untracked 
|  30|0x0000000081e00000, 0x0000000081f00000, 0x0000000081f00000|100%| O|  |TAMS 0x0000000081f00000, 0x0000000081e00000| Untracked 
|  31|0x0000000081f00000, 0x0000000082000000, 0x0000000082000000|100%| O|  |TAMS 0x0000000082000000, 0x0000000081f00000| Untracked 
|  32|0x0000000082000000, 0x0000000082100000, 0x0000000082100000|100%| O|  |TAMS 0x0000000082100000, 0x0000000082000000| Untracked 
|  33|0x0000000082100000, 0x0000000082200000, 0x0000000082200000|100%| O|  |TAMS 0x0000000082200000, 0x0000000082100000| Untracked 
|  34|0x0000000082200000, 0x0000000082300000, 0x0000000082300000|100%| O|  |TAMS 0x0000000082300000, 0x0000000082200000| Untracked 
|  35|0x0000000082300000, 0x0000000082400000, 0x0000000082400000|100%| O|  |TAMS 0x0000000082400000, 0x0000000082300000| Untracked 
|  36|0x0000000082400000, 0x0000000082500000, 0x0000000082500000|100%| O|  |TAMS 0x0000000082500000, 0x0000000082400000| Untracked 
|  37|0x0000000082500000, 0x0000000082600000, 0x0000000082600000|100%| O|  |TAMS 0x0000000082600000, 0x0000000082500000| Untracked 
|  38|0x0000000082600000, 0x0000000082700000, 0x0000000082700000|100%| O|  |TAMS 0x0000000082700000, 0x0000000082600000| Untracked 
|  39|0x0000000082700000, 0x0000000082800000, 0x0000000082800000|100%| O|  |TAMS 0x0000000082800000, 0x0000000082700000| Untracked 
|  40|0x0000000082800000, 0x0000000082900000, 0x0000000082900000|100%| O|  |TAMS 0x0000000082900000, 0x0000000082800000| Untracked 
|  41|0x0000000082900000, 0x0000000082a00000, 0x0000000082a00000|100%| O|  |TAMS 0x0000000082a00000, 0x0000000082900000| Untracked 
|  42|0x0000000082a00000, 0x0000000082b00000, 0x0000000082b00000|100%| O|  |TAMS 0x0000000082b00000, 0x0000000082a00000| Untracked 
|  43|0x0000000082b00000, 0x0000000082c00000, 0x0000000082c00000|100%| O|  |TAMS 0x0000000082c00000, 0x0000000082b00000| Untracked 
|  44|0x0000000082c00000, 0x0000000082d00000, 0x0000000082d00000|100%| O|  |TAMS 0x0000000082d00000, 0x0000000082c00000| Untracked 
|  45|0x0000000082d00000, 0x0000000082e00000, 0x0000000082e00000|100%| O|  |TAMS 0x0000000082e00000, 0x0000000082d00000| Untracked 
|  46|0x0000000082e00000, 0x0000000082f00000, 0x0000000082f00000|100%|HS|  |TAMS 0x0000000082f00000, 0x0000000082e00000| Complete 
|  47|0x0000000082f00000, 0x0000000083000000, 0x0000000083000000|100%| O|  |TAMS 0x0000000083000000, 0x0000000082f00000| Untracked 
|  48|0x0000000083000000, 0x0000000083100000, 0x0000000083100000|100%| O|  |TAMS 0x0000000083100000, 0x0000000083000000| Untracked 
|  49|0x0000000083100000, 0x0000000083200000, 0x0000000083200000|100%|HS|  |TAMS 0x0000000083200000, 0x0000000083100000| Complete 
|  50|0x0000000083200000, 0x0000000083300000, 0x0000000083300000|100%|HC|  |TAMS 0x0000000083300000, 0x0000000083200000| Complete 
|  51|0x0000000083300000, 0x0000000083400000, 0x0000000083400000|100%|HC|  |TAMS 0x0000000083400000, 0x0000000083300000| Complete 
|  52|0x0000000083400000, 0x0000000083500000, 0x0000000083500000|100%| O|  |TAMS 0x0000000083500000, 0x0000000083400000| Untracked 
|  53|0x0000000083500000, 0x0000000083600000, 0x0000000083600000|100%| O|  |TAMS 0x0000000083600000, 0x0000000083500000| Untracked 
|  54|0x0000000083600000, 0x0000000083700000, 0x0000000083700000|100%| O|  |TAMS 0x0000000083700000, 0x0000000083600000| Untracked 
|  55|0x0000000083700000, 0x0000000083800000, 0x0000000083800000|100%| O|  |TAMS 0x0000000083800000, 0x0000000083700000| Untracked 
|  56|0x0000000083800000, 0x0000000083900000, 0x0000000083900000|100%|HS|  |TAMS 0x0000000083900000, 0x0000000083800000| Complete 
|  57|0x0000000083900000, 0x0000000083a00000, 0x0000000083a00000|100%|HC|  |TAMS 0x0000000083a00000, 0x0000000083900000| Complete 
|  58|0x0000000083a00000, 0x0000000083b00000, 0x0000000083b00000|100%|HC|  |TAMS 0x0000000083b00000, 0x0000000083a00000| Complete 
|  59|0x0000000083b00000, 0x0000000083c00000, 0x0000000083c00000|100%|HC|  |TAMS 0x0000000083c00000, 0x0000000083b00000| Complete 
|  60|0x0000000083c00000, 0x0000000083d00000, 0x0000000083d00000|100%| O|  |TAMS 0x0000000083d00000, 0x0000000083c00000| Untracked 
|  61|0x0000000083d00000, 0x0000000083e00000, 0x0000000083e00000|100%| O|  |TAMS 0x0000000083e00000, 0x0000000083d00000| Untracked 
|  62|0x0000000083e00000, 0x0000000083f00000, 0x0000000083f00000|100%| O|  |TAMS 0x0000000083f00000, 0x0000000083e00000| Untracked 
|  63|0x0000000083f00000, 0x0000000084000000, 0x0000000084000000|100%| O|  |TAMS 0x0000000084000000, 0x0000000083f00000| Untracked 
|  64|0x0000000084000000, 0x0000000084100000, 0x0000000084100000|100%| O|  |TAMS 0x0000000084100000, 0x0000000084000000| Untracked 
|  65|0x0000000084100000, 0x0000000084200000, 0x0000000084200000|100%| O|  |TAMS 0x0000000084200000, 0x0000000084100000| Untracked 
|  66|0x0000000084200000, 0x0000000084300000, 0x0000000084300000|100%| O|  |TAMS 0x0000000084300000, 0x0000000084200000| Untracked 
|  67|0x0000000084300000, 0x0000000084400000, 0x0000000084400000|100%| O|  |TAMS 0x0000000084400000, 0x0000000084300000| Untracked 
|  68|0x0000000084400000, 0x0000000084500000, 0x0000000084500000|100%| O|  |TAMS 0x0000000084500000, 0x0000000084400000| Untracked 
|  69|0x0000000084500000, 0x0000000084600000, 0x0000000084600000|100%|HS|  |TAMS 0x0000000084600000, 0x0000000084500000| Complete 
|  70|0x0000000084600000, 0x0000000084700000, 0x0000000084700000|100%| O|  |TAMS 0x0000000084700000, 0x0000000084600000| Untracked 
|  71|0x0000000084700000, 0x0000000084800000, 0x0000000084800000|100%|HS|  |TAMS 0x0000000084800000, 0x0000000084700000| Complete 
|  72|0x0000000084800000, 0x0000000084900000, 0x0000000084900000|100%| O|  |TAMS 0x0000000084900000, 0x0000000084800000| Untracked 
|  73|0x0000000084900000, 0x0000000084a00000, 0x0000000084a00000|100%| O|  |TAMS 0x0000000084a00000, 0x0000000084900000| Untracked 
|  74|0x0000000084a00000, 0x0000000084b00000, 0x0000000084b00000|100%| O|  |TAMS 0x0000000084b00000, 0x0000000084a00000| Untracked 
|  75|0x0000000084b00000, 0x0000000084c00000, 0x0000000084c00000|100%|HS|  |TAMS 0x0000000084c00000, 0x0000000084b00000| Complete 
|  76|0x0000000084c00000, 0x0000000084d00000, 0x0000000084d00000|100%|HC|  |TAMS 0x0000000084d00000, 0x0000000084c00000| Complete 
|  77|0x0000000084d00000, 0x0000000084e00000, 0x0000000084e00000|100%| O|  |TAMS 0x0000000084e00000, 0x0000000084d00000| Untracked 
|  78|0x0000000084e00000, 0x0000000084f00000, 0x0000000084f00000|100%| O|  |TAMS 0x0000000084f00000, 0x0000000084e00000| Untracked 
|  79|0x0000000084f00000, 0x0000000085000000, 0x0000000085000000|100%| O|  |TAMS 0x0000000085000000, 0x0000000084f00000| Untracked 
|  80|0x0000000085000000, 0x0000000085100000, 0x0000000085100000|100%| O|  |TAMS 0x0000000085100000, 0x0000000085000000| Untracked 
|  81|0x0000000085100000, 0x0000000085200000, 0x0000000085200000|100%| O|  |TAMS 0x0000000085200000, 0x0000000085100000| Untracked 
|  82|0x0000000085200000, 0x0000000085300000, 0x0000000085300000|100%| O|  |TAMS 0x0000000085300000, 0x0000000085200000| Untracked 
|  83|0x0000000085300000, 0x0000000085400000, 0x0000000085400000|100%| O|  |TAMS 0x0000000085400000, 0x0000000085300000| Untracked 
|  84|0x0000000085400000, 0x0000000085500000, 0x0000000085500000|100%| O|  |TAMS 0x0000000085500000, 0x0000000085400000| Untracked 
|  85|0x0000000085500000, 0x0000000085600000, 0x0000000085600000|100%| O|  |TAMS 0x0000000085600000, 0x0000000085500000| Untracked 
|  86|0x0000000085600000, 0x0000000085700000, 0x0000000085700000|100%| O|  |TAMS 0x0000000085700000, 0x0000000085600000| Untracked 
|  87|0x0000000085700000, 0x0000000085800000, 0x0000000085800000|100%| O|  |TAMS 0x0000000085800000, 0x0000000085700000| Untracked 
|  88|0x0000000085800000, 0x0000000085900000, 0x0000000085900000|100%| O|  |TAMS 0x0000000085900000, 0x0000000085800000| Untracked 
|  89|0x0000000085900000, 0x0000000085a00000, 0x0000000085a00000|100%| O|  |TAMS 0x0000000085a00000, 0x0000000085900000| Untracked 
|  90|0x0000000085a00000, 0x0000000085b00000, 0x0000000085b00000|100%| O|  |TAMS 0x0000000085b00000, 0x0000000085a00000| Untracked 
|  91|0x0000000085b00000, 0x0000000085bc1c00, 0x0000000085c00000| 75%| O|  |TAMS 0x0000000085bc1c00, 0x0000000085b00000| Untracked 
|  92|0x0000000085c00000, 0x0000000085c00000, 0x0000000085d00000|  0%| F|  |TAMS 0x0000000085c00000, 0x0000000085c00000| Untracked 
|  93|0x0000000085d00000, 0x0000000085d00000, 0x0000000085e00000|  0%| F|  |TAMS 0x0000000085d00000, 0x0000000085d00000| Untracked 
|  94|0x0000000085e00000, 0x0000000085e00000, 0x0000000085f00000|  0%| F|  |TAMS 0x0000000085e00000, 0x0000000085e00000| Untracked 
|  95|0x0000000085f00000, 0x0000000085f00000, 0x0000000086000000|  0%| F|  |TAMS 0x0000000085f00000, 0x0000000085f00000| Untracked 
|  96|0x0000000086000000, 0x0000000086000000, 0x0000000086100000|  0%| F|  |TAMS 0x0000000086000000, 0x0000000086000000| Untracked 
|  97|0x0000000086100000, 0x0000000086100000, 0x0000000086200000|  0%| F|  |TAMS 0x0000000086100000, 0x0000000086100000| Untracked 
|  98|0x0000000086200000, 0x0000000086200000, 0x0000000086300000|  0%| F|  |TAMS 0x0000000086200000, 0x0000000086200000| Untracked 
|  99|0x0000000086300000, 0x0000000086300000, 0x0000000086400000|  0%| F|  |TAMS 0x0000000086300000, 0x0000000086300000| Untracked 
| 100|0x0000000086400000, 0x0000000086400000, 0x0000000086500000|  0%| F|  |TAMS 0x0000000086400000, 0x0000000086400000| Untracked 
| 101|0x0000000086500000, 0x0000000086500000, 0x0000000086600000|  0%| F|  |TAMS 0x0000000086500000, 0x0000000086500000| Untracked 
| 102|0x0000000086600000, 0x0000000086600000, 0x0000000086700000|  0%| F|  |TAMS 0x0000000086600000, 0x0000000086600000| Untracked 
| 103|0x0000000086700000, 0x0000000086700000, 0x0000000086800000|  0%| F|  |TAMS 0x0000000086700000, 0x0000000086700000| Untracked 
| 104|0x0000000086800000, 0x0000000086800000, 0x0000000086900000|  0%| F|  |TAMS 0x0000000086800000, 0x0000000086800000| Untracked 
| 105|0x0000000086900000, 0x0000000086900000, 0x0000000086a00000|  0%| F|  |TAMS 0x0000000086900000, 0x0000000086900000| Untracked 
| 106|0x0000000086a00000, 0x0000000086a00000, 0x0000000086b00000|  0%| F|  |TAMS 0x0000000086a00000, 0x0000000086a00000| Untracked 
| 107|0x0000000086b00000, 0x0000000086b00000, 0x0000000086c00000|  0%| F|  |TAMS 0x0000000086b00000, 0x0000000086b00000| Untracked 
| 108|0x0000000086c00000, 0x0000000086c00000, 0x0000000086d00000|  0%| F|  |TAMS 0x0000000086c00000, 0x0000000086c00000| Untracked 
| 109|0x0000000086d00000, 0x0000000086d00000, 0x0000000086e00000|  0%| F|  |TAMS 0x0000000086d00000, 0x0000000086d00000| Untracked 
| 110|0x0000000086e00000, 0x0000000086e00000, 0x0000000086f00000|  0%| F|  |TAMS 0x0000000086e00000, 0x0000000086e00000| Untracked 
| 111|0x0000000086f00000, 0x0000000086f00000, 0x0000000087000000|  0%| F|  |TAMS 0x0000000086f00000, 0x0000000086f00000| Untracked 
| 112|0x0000000087000000, 0x0000000087000000, 0x0000000087100000|  0%| F|  |TAMS 0x0000000087000000, 0x0000000087000000| Untracked 
| 113|0x0000000087100000, 0x0000000087100000, 0x0000000087200000|  0%| F|  |TAMS 0x0000000087100000, 0x0000000087100000| Untracked 
| 114|0x0000000087200000, 0x00000000872c52e0, 0x0000000087300000| 77%| S|CS|TAMS 0x0000000087200000, 0x0000000087200000| Complete 
| 115|0x0000000087300000, 0x0000000087300000, 0x0000000087400000|  0%| F|  |TAMS 0x0000000087300000, 0x0000000087300000| Untracked 
| 116|0x0000000087400000, 0x0000000087500000, 0x0000000087500000|100%| S|CS|TAMS 0x0000000087400000, 0x0000000087400000| Complete 
| 117|0x0000000087500000, 0x0000000087500000, 0x0000000087600000|  0%| F|  |TAMS 0x0000000087500000, 0x0000000087500000| Untracked 
| 118|0x0000000087600000, 0x0000000087600000, 0x0000000087700000|  0%| F|  |TAMS 0x0000000087600000, 0x0000000087600000| Untracked 
| 119|0x0000000087700000, 0x0000000087700000, 0x0000000087800000|  0%| F|  |TAMS 0x0000000087700000, 0x0000000087700000| Untracked 
| 120|0x0000000087800000, 0x0000000087800000, 0x0000000087900000|  0%| F|  |TAMS 0x0000000087800000, 0x0000000087800000| Untracked 
| 121|0x0000000087900000, 0x0000000087900000, 0x0000000087a00000|  0%| F|  |TAMS 0x0000000087900000, 0x0000000087900000| Untracked 
| 122|0x0000000087a00000, 0x0000000087a00000, 0x0000000087b00000|  0%| F|  |TAMS 0x0000000087a00000, 0x0000000087a00000| Untracked 
| 123|0x0000000087b00000, 0x0000000087b00000, 0x0000000087c00000|  0%| F|  |TAMS 0x0000000087b00000, 0x0000000087b00000| Untracked 
| 124|0x0000000087c00000, 0x0000000087c00000, 0x0000000087d00000|  0%| F|  |TAMS 0x0000000087c00000, 0x0000000087c00000| Untracked 
| 125|0x0000000087d00000, 0x0000000087d00000, 0x0000000087e00000|  0%| F|  |TAMS 0x0000000087d00000, 0x0000000087d00000| Untracked 
| 126|0x0000000087e00000, 0x0000000087e00000, 0x0000000087f00000|  0%| F|  |TAMS 0x0000000087e00000, 0x0000000087e00000| Untracked 
| 127|0x0000000087f00000, 0x0000000087f00000, 0x0000000088000000|  0%| F|  |TAMS 0x0000000087f00000, 0x0000000087f00000| Untracked 
| 128|0x0000000088000000, 0x0000000088000000, 0x0000000088100000|  0%| F|  |TAMS 0x0000000088000000, 0x0000000088000000| Untracked 
| 129|0x0000000088100000, 0x0000000088100000, 0x0000000088200000|  0%| F|  |TAMS 0x0000000088100000, 0x0000000088100000| Untracked 
| 130|0x0000000088200000, 0x0000000088200000, 0x0000000088300000|  0%| F|  |TAMS 0x0000000088200000, 0x0000000088200000| Untracked 
| 131|0x0000000088300000, 0x0000000088300000, 0x0000000088400000|  0%| F|  |TAMS 0x0000000088300000, 0x0000000088300000| Untracked 
| 132|0x0000000088400000, 0x0000000088400000, 0x0000000088500000|  0%| F|  |TAMS 0x0000000088400000, 0x0000000088400000| Untracked 
| 133|0x0000000088500000, 0x0000000088500000, 0x0000000088600000|  0%| F|  |TAMS 0x0000000088500000, 0x0000000088500000| Untracked 
| 134|0x0000000088600000, 0x00000000886e5180, 0x0000000088700000| 89%| E|  |TAMS 0x0000000088600000, 0x0000000088600000| Complete 
| 135|0x0000000088700000, 0x0000000088800000, 0x0000000088800000|100%| E|  |TAMS 0x0000000088700000, 0x0000000088700000| Complete 
| 136|0x0000000088800000, 0x0000000088900000, 0x0000000088900000|100%| E|CS|TAMS 0x0000000088800000, 0x0000000088800000| Complete 
| 137|0x0000000088900000, 0x0000000088a00000, 0x0000000088a00000|100%| E|CS|TAMS 0x0000000088900000, 0x0000000088900000| Complete 
| 138|0x0000000088a00000, 0x0000000088b00000, 0x0000000088b00000|100%| E|CS|TAMS 0x0000000088a00000, 0x0000000088a00000| Complete 
| 139|0x0000000088b00000, 0x0000000088c00000, 0x0000000088c00000|100%| E|CS|TAMS 0x0000000088b00000, 0x0000000088b00000| Complete 
| 140|0x0000000088c00000, 0x0000000088d00000, 0x0000000088d00000|100%| E|CS|TAMS 0x0000000088c00000, 0x0000000088c00000| Complete 
| 141|0x0000000088d00000, 0x0000000088e00000, 0x0000000088e00000|100%| E|CS|TAMS 0x0000000088d00000, 0x0000000088d00000| Complete 
| 142|0x0000000088e00000, 0x0000000088f00000, 0x0000000088f00000|100%| E|CS|TAMS 0x0000000088e00000, 0x0000000088e00000| Complete 
| 143|0x0000000088f00000, 0x0000000089000000, 0x0000000089000000|100%| E|CS|TAMS 0x0000000088f00000, 0x0000000088f00000| Complete 
| 144|0x0000000089000000, 0x0000000089100000, 0x0000000089100000|100%| E|CS|TAMS 0x0000000089000000, 0x0000000089000000| Complete 
| 145|0x0000000089100000, 0x0000000089200000, 0x0000000089200000|100%| E|CS|TAMS 0x0000000089100000, 0x0000000089100000| Complete 
| 146|0x0000000089200000, 0x0000000089300000, 0x0000000089300000|100%| E|CS|TAMS 0x0000000089200000, 0x0000000089200000| Complete 
| 147|0x0000000089300000, 0x0000000089400000, 0x0000000089400000|100%| E|CS|TAMS 0x0000000089300000, 0x0000000089300000| Complete 
| 148|0x0000000089400000, 0x0000000089500000, 0x0000000089500000|100%| E|CS|TAMS 0x0000000089400000, 0x0000000089400000| Complete 
| 149|0x0000000089500000, 0x0000000089600000, 0x0000000089600000|100%| E|CS|TAMS 0x0000000089500000, 0x0000000089500000| Complete 
| 150|0x0000000089600000, 0x0000000089700000, 0x0000000089700000|100%| E|CS|TAMS 0x0000000089600000, 0x0000000089600000| Complete 
| 151|0x0000000089700000, 0x0000000089800000, 0x0000000089800000|100%| E|CS|TAMS 0x0000000089700000, 0x0000000089700000| Complete 
| 152|0x0000000089800000, 0x0000000089900000, 0x0000000089900000|100%| E|CS|TAMS 0x0000000089800000, 0x0000000089800000| Complete 
| 153|0x0000000089900000, 0x0000000089a00000, 0x0000000089a00000|100%| E|CS|TAMS 0x0000000089900000, 0x0000000089900000| Complete 
| 154|0x0000000089a00000, 0x0000000089b00000, 0x0000000089b00000|100%| E|CS|TAMS 0x0000000089a00000, 0x0000000089a00000| Complete 
| 155|0x0000000089b00000, 0x0000000089c00000, 0x0000000089c00000|100%| E|CS|TAMS 0x0000000089b00000, 0x0000000089b00000| Complete 

Card table byte_map: [0x000001646e850000,0x000001646ec50000] _byte_map_base: 0x000001646e450000

Marking Bits (Prev, Next): (CMBitMap*) 0x0000016454ef6c40, (CMBitMap*) 0x0000016454ef6c08
 Prev Bits: [0x0000016471050000, 0x0000016473050000)
 Next Bits: [0x000001646f050000, 0x0000016471050000)

Polling page: 0x0000016454f80000

Metaspace:

Usage:
  Non-class:     77.50 MB capacity,    76.13 MB ( 98%) used,     1.15 MB (  1%) free+waste,   232.62 KB ( <1%) overhead. 
      Class:     11.95 MB capacity,    11.14 MB ( 93%) used,   721.84 KB (  6%) free+waste,   107.62 KB ( <1%) overhead. 
       Both:     89.45 MB capacity,    87.26 MB ( 98%) used,     1.86 MB (  2%) free+waste,   340.25 KB ( <1%) overhead. 

Virtual space:
  Non-class space:       78.00 MB reserved,      77.75 MB (>99%) committed 
      Class space:        1.00 GB reserved,      12.00 MB (  1%) committed 
             Both:        1.08 GB reserved,      89.75 MB (  8%) committed 

Chunk freelists:
   Non-Class:  60.00 KB
       Class:  24.00 KB
        Both:  84.00 KB

MaxMetaspaceSize: 17179869184.00 GB
CompressedClassSpaceSize: 1.00 GB
Initial GC threshold: 20.80 MB
Current GC threshold: 145.42 MB
CDS: off

CodeHeap 'non-profiled nmethods': size=120064Kb used=6176Kb max_used=6176Kb free=113888Kb
 bounds [0x00000164668e0000, 0x0000016466ef0000, 0x000001646de20000]
CodeHeap 'profiled nmethods': size=120000Kb used=20655Kb max_used=20655Kb free=99344Kb
 bounds [0x000001645f3b0000, 0x00000164607e0000, 0x00000164668e0000]
CodeHeap 'non-nmethods': size=5696Kb used=2399Kb max_used=2447Kb free=3296Kb
 bounds [0x000001645ee20000, 0x000001645f0a0000, 0x000001645f3b0000]
 total_blobs=10335 nmethods=9415 adapters=832
 compilation: enabled
              stopped_count=0, restarted_count=0
 full_count=0

Compilation events (20 events):
Event: 100.278 Thread 0x0000016475ff8000 nmethod 9476 0x00000164607da490 code [0x00000164607da6e0, 0x00000164607db018]
Event: 100.307 Thread 0x0000016475ff2000 9477  s    4       jdk.internal.jimage.BasicImageReader::findLocation (115 bytes)
Event: 100.311 Thread 0x0000016475ff8000 9479       3       java.io.BufferedReader::fill (170 bytes)
Event: 100.312 Thread 0x0000016475ff8000 nmethod 9479 0x00000164607db310 code [0x00000164607db520, 0x00000164607dbba8]
Event: 100.437 Thread 0x0000016475ff2000 nmethod 9477 0x0000016466ee0410 code [0x0000016466ee0660, 0x0000016466ee2bb8]
Event: 100.631 Thread 0x0000016475ff2000 9480       4       org.gradle.internal.util.Trie::find (135 bytes)
Event: 100.639 Thread 0x0000016475ff2000 nmethod 9480 0x0000016466ee4010 code [0x0000016466ee41c0, 0x0000016466ee4458]
Event: 100.651 Thread 0x0000016475ff2000 9481       4       java.net.URLStreamHandler::equals (45 bytes)
Event: 100.659 Thread 0x0000016475ff2000 nmethod 9481 0x0000016466ee4790 code [0x0000016466ee4980, 0x0000016466ee4f30]
Event: 100.659 Thread 0x0000016475ff2000 9482       4       java.net.URLStreamHandler::sameFile (136 bytes)
Event: 100.666 Thread 0x0000016475ff2000 nmethod 9482 0x0000016466ee5410 code [0x0000016466ee5600, 0x0000016466ee5b10]
Event: 100.713 Thread 0x0000016475ff2000 9483       4       java.util.jar.JarFile::maybeInstantiateVerifier (112 bytes)
Event: 100.735 Thread 0x0000016475ff2000 nmethod 9483 0x0000016466ee5f90 code [0x0000016466ee6160, 0x0000016466ee66f0]
Event: 100.841 Thread 0x0000016475ff2000 9484       4       java.util.LinkedList::indexOf (73 bytes)
Event: 100.846 Thread 0x0000016475ff2000 nmethod 9484 0x0000016466ee6a90 code [0x0000016466ee6c40, 0x0000016466ee6ef8]
Event: 101.454 Thread 0x0000016475ff2000 9485       4       java.util.Collections$UnmodifiableCollection::contains (11 bytes)
Event: 101.455 Thread 0x0000016475ff2000 nmethod 9485 0x0000016466ee7090 code [0x0000016466ee7220, 0x0000016466ee72b8]
Event: 102.174 Thread 0x0000016475ff2000 9486   !   4       java.util.concurrent.locks.AbstractQueuedSynchronizer::acquireQueued (74 bytes)
Event: 102.190 Thread 0x0000016475ff2000 nmethod 9486 0x0000016466ee7390 code [0x0000016466ee7560, 0x0000016466ee7cf0]
Event: 102.331 Thread 0x0000016475ff2000 9487       4       javax.management.ObjectName::construct (1135 bytes)

GC Heap History (20 events):
Event: 91.494 GC heap before
{Heap before GC invocations=116 (full 0):
 garbage-first heap   total 110592K, used 94304K [0x0000000080000000, 0x0000000100000000)
  region size 1024K, 5 young (5120K), 1 survivors (1024K)
 Metaspace       used 80520K, capacity 82467K, committed 82688K, reserved 1120256K
  class space    used 10194K, capacity 10895K, committed 11008K, reserved 1048576K
}
Event: 91.512 GC heap after
{Heap after GC invocations=117 (full 0):
 garbage-first heap   total 110592K, used 90763K [0x0000000080000000, 0x0000000100000000)
  region size 1024K, 1 young (1024K), 1 survivors (1024K)
 Metaspace       used 80520K, capacity 82467K, committed 82688K, reserved 1120256K
  class space    used 10194K, capacity 10895K, committed 11008K, reserved 1048576K
}
Event: 91.881 GC heap before
{Heap before GC invocations=118 (full 0):
 garbage-first heap   total 110592K, used 94859K [0x0000000080000000, 0x0000000100000000)
  region size 1024K, 5 young (5120K), 1 survivors (1024K)
 Metaspace       used 80521K, capacity 82467K, committed 82688K, reserved 1120256K
  class space    used 10194K, capacity 10895K, committed 11008K, reserved 1048576K
}
Event: 91.885 GC heap after
{Heap after GC invocations=119 (full 0):
 garbage-first heap   total 110592K, used 90850K [0x0000000080000000, 0x0000000100000000)
  region size 1024K, 1 young (1024K), 1 survivors (1024K)
 Metaspace       used 80521K, capacity 82467K, committed 82688K, reserved 1120256K
  class space    used 10194K, capacity 10895K, committed 11008K, reserved 1048576K
}
Event: 92.063 GC heap before
{Heap before GC invocations=119 (full 0):
 garbage-first heap   total 110592K, used 94946K [0x0000000080000000, 0x0000000100000000)
  region size 1024K, 5 young (5120K), 1 survivors (1024K)
 Metaspace       used 80536K, capacity 82467K, committed 82688K, reserved 1120256K
  class space    used 10194K, capacity 10895K, committed 11008K, reserved 1048576K
}
Event: 92.065 GC heap after
{Heap after GC invocations=120 (full 0):
 garbage-first heap   total 110592K, used 91237K [0x0000000080000000, 0x0000000100000000)
  region size 1024K, 1 young (1024K), 1 survivors (1024K)
 Metaspace       used 80536K, capacity 82467K, committed 82688K, reserved 1120256K
  class space    used 10194K, capacity 10895K, committed 11008K, reserved 1048576K
}
Event: 92.255 GC heap before
{Heap before GC invocations=120 (full 0):
 garbage-first heap   total 110592K, used 95333K [0x0000000080000000, 0x0000000100000000)
  region size 1024K, 5 young (5120K), 1 survivors (1024K)
 Metaspace       used 80569K, capacity 82694K, committed 82944K, reserved 1122304K
  class space    used 10199K, capacity 10929K, committed 11008K, reserved 1048576K
}
Event: 92.257 GC heap after
{Heap after GC invocations=121 (full 0):
 garbage-first heap   total 110592K, used 91619K [0x0000000080000000, 0x0000000100000000)
  region size 1024K, 1 young (1024K), 1 survivors (1024K)
 Metaspace       used 80569K, capacity 82694K, committed 82944K, reserved 1122304K
  class space    used 10199K, capacity 10929K, committed 11008K, reserved 1048576K
}
Event: 92.358 GC heap before
{Heap before GC invocations=122 (full 0):
 garbage-first heap   total 110592K, used 95715K [0x0000000080000000, 0x0000000100000000)
  region size 1024K, 5 young (5120K), 1 survivors (1024K)
 Metaspace       used 80570K, capacity 82694K, committed 82944K, reserved 1122304K
  class space    used 10199K, capacity 10929K, committed 11008K, reserved 1048576K
}
Event: 92.364 GC heap after
{Heap after GC invocations=123 (full 0):
 garbage-first heap   total 133120K, used 91845K [0x0000000080000000, 0x0000000100000000)
  region size 1024K, 1 young (1024K), 1 survivors (1024K)
 Metaspace       used 80570K, capacity 82694K, committed 82944K, reserved 1122304K
  class space    used 10199K, capacity 10929K, committed 11008K, reserved 1048576K
}
Event: 93.001 GC heap before
{Heap before GC invocations=123 (full 0):
 garbage-first heap   total 133120K, used 103109K [0x0000000080000000, 0x0000000100000000)
  region size 1024K, 12 young (12288K), 1 survivors (1024K)
 Metaspace       used 80843K, capacity 82864K, committed 82944K, reserved 1122304K
  class space    used 10227K, capacity 10964K, committed 11008K, reserved 1048576K
}
Event: 93.007 GC heap after
{Heap after GC invocations=124 (full 0):
 garbage-first heap   total 133120K, used 92827K [0x0000000080000000, 0x0000000100000000)
  region size 1024K, 2 young (2048K), 2 survivors (2048K)
 Metaspace       used 80843K, capacity 82864K, committed 82944K, reserved 1122304K
  class space    used 10227K, capacity 10964K, committed 11008K, reserved 1048576K
}
Event: 94.729 GC heap before
{Heap before GC invocations=125 (full 0):
 garbage-first heap   total 133120K, used 105115K [0x0000000080000000, 0x0000000100000000)
  region size 1024K, 14 young (14336K), 2 survivors (2048K)
 Metaspace       used 82276K, capacity 84273K, committed 84480K, reserved 1122304K
  class space    used 10414K, capacity 11156K, committed 11264K, reserved 1048576K
}
Event: 94.765 GC heap after
{Heap after GC invocations=126 (full 0):
 garbage-first heap   total 133120K, used 93694K [0x0000000080000000, 0x0000000100000000)
  region size 1024K, 1 young (1024K), 1 survivors (1024K)
 Metaspace       used 82276K, capacity 84273K, committed 84480K, reserved 1122304K
  class space    used 10414K, capacity 11156K, committed 11264K, reserved 1048576K
}
Event: 96.108 GC heap before
{Heap before GC invocations=126 (full 0):
 garbage-first heap   total 133120K, used 107006K [0x0000000080000000, 0x0000000100000000)
  region size 1024K, 14 young (14336K), 1 survivors (1024K)
 Metaspace       used 84013K, capacity 85987K, committed 86272K, reserved 1124352K
  class space    used 10731K, capacity 11452K, committed 11520K, reserved 1048576K
}
Event: 96.113 GC heap after
{Heap after GC invocations=127 (full 0):
 garbage-first heap   total 133120K, used 94048K [0x0000000080000000, 0x0000000100000000)
  region size 1024K, 2 young (2048K), 2 survivors (2048K)
 Metaspace       used 84013K, capacity 85987K, committed 86272K, reserved 1124352K
  class space    used 10731K, capacity 11452K, committed 11520K, reserved 1048576K
}
Event: 97.489 GC heap before
{Heap before GC invocations=128 (full 0):
 garbage-first heap   total 133120K, used 107360K [0x0000000080000000, 0x0000000100000000)
  region size 1024K, 15 young (15360K), 2 survivors (2048K)
 Metaspace       used 85733K, capacity 87808K, committed 87936K, reserved 1126400K
  class space    used 11039K, capacity 11817K, committed 11904K, reserved 1048576K
}
Event: 97.501 GC heap after
{Heap after GC invocations=129 (full 0):
 garbage-first heap   total 133120K, used 94802K [0x0000000080000000, 0x0000000100000000)
  region size 1024K, 2 young (2048K), 2 survivors (2048K)
 Metaspace       used 85733K, capacity 87808K, committed 87936K, reserved 1126400K
  class space    used 11039K, capacity 11817K, committed 11904K, reserved 1048576K
}
Event: 98.813 GC heap before
{Heap before GC invocations=129 (full 0):
 garbage-first heap   total 133120K, used 108114K [0x0000000080000000, 0x0000000100000000)
  region size 1024K, 15 young (15360K), 2 survivors (2048K)
 Metaspace       used 86801K, capacity 88898K, committed 89088K, reserved 1126400K
  class space    used 11176K, capacity 11958K, committed 12032K, reserved 1048576K
}
Event: 98.825 GC heap after
{Heap after GC invocations=130 (full 0):
 garbage-first heap   total 159744K, used 95771K [0x0000000080000000, 0x0000000100000000)
  region size 1024K, 2 young (2048K), 2 survivors (2048K)
 Metaspace       used 86801K, capacity 88898K, committed 89088K, reserved 1126400K
  class space    used 11176K, capacity 11958K, committed 12032K, reserved 1048576K
}

Deoptimization events (20 events):
Event: 99.859 Thread 0x0000016477b38000 Uncommon trap: trap_request=0xffffff4d fr.pc=0x0000016466cd5ca0 relative=0x00000000000001e0
Event: 99.859 Thread 0x0000016477b38000 Uncommon trap: reason=unstable_if action=reinterpret pc=0x0000016466cd5ca0 method=com.esotericsoftware.kryo.io.Input.readVarInt(Z)I @ 42 c2
Event: 99.859 Thread 0x0000016477b38000 DEOPT PACKING pc=0x0000016466cd5ca0 sp=0x00000016feef85c0
Event: 99.859 Thread 0x0000016477b38000 DEOPT UNPACKING pc=0x000001645ee285af sp=0x00000016feef8578 mode 2
Event: 99.907 Thread 0x0000016477b38000 Uncommon trap: trap_request=0xfffffff4 fr.pc=0x0000016466cd3850 relative=0x00000000000006d0
Event: 99.909 Thread 0x0000016477b38000 Uncommon trap: reason=null_check action=make_not_entrant pc=0x0000016466cd3850 method=org.gradle.util.internal.SimpleMapInterner.intern(Ljava/lang/Object;)Ljava/lang/Object; @ 2 c2
Event: 99.909 Thread 0x0000016477b38000 DEOPT PACKING pc=0x0000016466cd3850 sp=0x00000016feef8a90
Event: 99.909 Thread 0x0000016477b38000 DEOPT UNPACKING pc=0x000001645ee285af sp=0x00000016feef8a58 mode 2
Event: 100.153 Thread 0x0000016477b38000 Uncommon trap: trap_request=0xffffff4d fr.pc=0x0000016466e3c614 relative=0x0000000000000d94
Event: 100.153 Thread 0x0000016477b38000 Uncommon trap: reason=unstable_if action=reinterpret pc=0x0000016466e3c614 method=java.util.TreeMap.put(Ljava/lang/Object;Ljava/lang/Object;)Ljava/lang/Object; @ 163 c2
Event: 100.153 Thread 0x0000016477b38000 DEOPT PACKING pc=0x0000016466e3c614 sp=0x00000016feefb800
Event: 100.153 Thread 0x0000016477b38000 DEOPT UNPACKING pc=0x000001645ee285af sp=0x00000016feefb7d8 mode 2
Event: 100.240 Thread 0x0000016477b38000 Uncommon trap: trap_request=0xffffff4d fr.pc=0x00000164669ce8a8 relative=0x00000000000006c8
Event: 100.240 Thread 0x0000016477b38000 Uncommon trap: reason=unstable_if action=reinterpret pc=0x00000164669ce8a8 method=java.lang.Integer.stringSize(I)I @ 3 c2
Event: 100.240 Thread 0x0000016477b38000 DEOPT PACKING pc=0x00000164669ce8a8 sp=0x00000016feefc630
Event: 100.240 Thread 0x0000016477b38000 DEOPT UNPACKING pc=0x000001645ee285af sp=0x00000016feefc580 mode 2
Event: 100.262 Thread 0x0000016477b38000 Uncommon trap: trap_request=0xffffff4d fr.pc=0x00000164669cf1c0 relative=0x00000000000000a0
Event: 100.262 Thread 0x0000016477b38000 Uncommon trap: reason=unstable_if action=reinterpret pc=0x00000164669cf1c0 method=java.lang.Integer.stringSize(I)I @ 3 c2
Event: 100.262 Thread 0x0000016477b38000 DEOPT PACKING pc=0x00000164669cf1c0 sp=0x00000016feefc540
Event: 100.262 Thread 0x0000016477b38000 DEOPT UNPACKING pc=0x000001645ee285af sp=0x00000016feefc4c8 mode 2

Classes redefined (0 events):
No events

Internal exceptions (20 events):
Event: 92.642 Thread 0x0000016477b38000 Exception <a 'java/lang/ClassNotFoundException'{0x0000000087b39128}: com/android/build/gradle/internal/CompileOptionsBeanInfo> (0x0000000087b39128) thrown at [s\src\hotspot\share\classfile\systemDictionary.cpp, line 230]
Event: 92.643 Thread 0x0000016477b38000 Exception <a 'java/lang/ClassNotFoundException'{0x0000000087b53818}: com/android/build/gradle/internal/CompileOptionsCustomizer> (0x0000000087b53818) thrown at [s\src\hotspot\share\classfile\systemDictionary.cpp, line 230]
Event: 92.644 Thread 0x0000016477b38000 Exception <a 'java/lang/ClassNotFoundException'{0x0000000087b7c188}: com/android/build/gradle/internal/CompileOptions$AgpDecoratedCustomizer> (0x0000000087b7c188) thrown at [s\src\hotspot\share\classfile\systemDictionary.cpp, line 230]
Event: 92.647 Thread 0x0000016477b38000 Exception <a 'java/lang/ClassNotFoundException'{0x0000000087ba8298}: com/android/build/gradle/internal/CompileOptions$AgpDecorated_DecoratedCustomizer> (0x0000000087ba8298) thrown at [s\src\hotspot\share\classfile\systemDictionary.cpp, line 230]
Event: 92.664 Thread 0x0000016477b38000 Exception <a 'java/lang/ClassNotFoundException'{0x0000000087a50520}: com/android/build/gradle/internal/dsl/ApplicationBuildFeaturesImpl_DecoratedBeanInfo> (0x0000000087a50520) thrown at [s\src\hotspot\share\classfile\systemDictionary.cpp, line 230]
Event: 92.664 Thread 0x0000016477b38000 Exception <a 'java/lang/ClassNotFoundException'{0x0000000087a6d4d8}: com/android/build/gradle/internal/dsl/ApplicationBuildFeaturesImplBeanInfo> (0x0000000087a6d4d8) thrown at [s\src\hotspot\share\classfile\systemDictionary.cpp, line 230]
Event: 92.675 Thread 0x0000016477b38000 Exception <a 'java/lang/ClassNotFoundException'{0x0000000087a88c70}: com/android/build/gradle/internal/dsl/BuildFeaturesImplBeanInfo> (0x0000000087a88c70) thrown at [s\src\hotspot\share\classfile\systemDictionary.cpp, line 230]
Event: 92.685 Thread 0x0000016477b38000 Exception <a 'java/lang/ClassNotFoundException'{0x0000000087aa3f38}: com/android/build/gradle/internal/dsl/BuildFeaturesImplCustomizer> (0x0000000087aa3f38) thrown at [s\src\hotspot\share\classfile\systemDictionary.cpp, line 230]
Event: 92.686 Thread 0x0000016477b38000 Exception <a 'java/lang/ClassNotFoundException'{0x0000000087acca28}: com/android/build/gradle/internal/dsl/ApplicationBuildFeaturesImplCustomizer> (0x0000000087acca28) thrown at [s\src\hotspot\share\classfile\systemDictionary.cpp, line 230]
Event: 92.687 Thread 0x0000016477b38000 Exception <a 'java/lang/ClassNotFoundException'{0x0000000087af1748}: com/android/build/gradle/internal/dsl/ApplicationBuildFeaturesImpl_DecoratedCustomizer> (0x0000000087af1748) thrown at [s\src\hotspot\share\classfile\systemDictionary.cpp, line 230]
Event: 98.103 Thread 0x0000016477b38000 Exception <a 'java/lang/ClassNotFoundException'{0x00000000879eabe8}: com/android/build/gradle/internal/api/ApkVariantOutputImpl_DecoratedBeanInfo> (0x00000000879eabe8) thrown at [s\src\hotspot\share\classfile\systemDictionary.cpp, line 230]
Event: 98.104 Thread 0x0000016477b38000 Exception <a 'java/lang/ClassNotFoundException'{0x00000000878072c0}: com/android/build/gradle/internal/api/ApkVariantOutputImplBeanInfo> (0x00000000878072c0) thrown at [s\src\hotspot\share\classfile\systemDictionary.cpp, line 230]
Event: 98.104 Thread 0x0000016477b38000 Exception <a 'java/lang/ClassNotFoundException'{0x0000000087823d50}: com/android/build/gradle/internal/api/BaseVariantOutputImplBeanInfo> (0x0000000087823d50) thrown at [s\src\hotspot\share\classfile\systemDictionary.cpp, line 230]
Event: 98.105 Thread 0x0000016477b38000 Exception <a 'java/lang/ClassNotFoundException'{0x0000000087840848}: com/android/build/gradle/internal/api/BaseVariantOutputImplCustomizer> (0x0000000087840848) thrown at [s\src\hotspot\share\classfile\systemDictionary.cpp, line 230]
Event: 98.108 Thread 0x0000016477b38000 Exception <a 'java/lang/ClassNotFoundException'{0x000000008786fca0}: com/android/build/gradle/internal/api/ApkVariantOutputImplCustomizer> (0x000000008786fca0) thrown at [s\src\hotspot\share\classfile\systemDictionary.cpp, line 230]
Event: 98.110 Thread 0x0000016477b38000 Exception <a 'java/lang/ClassNotFoundException'{0x000000008789b628}: com/android/build/gradle/internal/api/ApkVariantOutputImpl_DecoratedCustomizer> (0x000000008789b628) thrown at [s\src\hotspot\share\classfile\systemDictionary.cpp, line 230]
Event: 98.298 Thread 0x0000016477b38000 Exception <a 'java/lang/NoClassDefFoundError'{0x0000000087655df8}: org/jetbrains/kotlin/gradle/plugin/KotlinBasePluginWrapper> (0x0000000087655df8) thrown at [s\src\hotspot\share\classfile\systemDictionary.cpp, line 219]
Event: 99.401 Thread 0x0000016477b38000 Exception <a 'java/lang/NoSuchMethodError'{0x00000000893f3ad0}: <clinit>> (0x00000000893f3ad0) thrown at [s\src\hotspot\share\prims\jni.cpp, line 1372]
Event: 99.679 Thread 0x0000016477b38000 Exception <a 'sun/nio/fs/WindowsException'{0x0000000089007e48}> (0x0000000089007e48) thrown at [s\src\hotspot\share\prims\jni.cpp, line 617]
Event: 99.907 Thread 0x0000016477b38000 Implicit null exception at 0x0000016466cd31af to 0x0000016466cd3840

Events (20 events):
Event: 100.774 loading class org/jetbrains/plugins/gradle/tooling/serialization/ExternalTestsSerializationService
Event: 100.774 loading class org/jetbrains/plugins/gradle/tooling/serialization/ExternalTestsSerializationService done
Event: 100.777 loading class org/jetbrains/plugins/gradle/tooling/serialization/ExternalTestsSerializationService$WriteContext
Event: 100.777 loading class org/jetbrains/plugins/gradle/tooling/serialization/ExternalTestsSerializationService$WriteContext done
Event: 100.778 loading class org/jetbrains/plugins/gradle/tooling/serialization/ExternalTestsSerializationService$ReadContext
Event: 100.778 loading class org/jetbrains/plugins/gradle/tooling/serialization/ExternalTestsSerializationService$ReadContext done
Event: 100.778 loading class org/jetbrains/plugins/gradle/tooling/serialization/AnnotationProcessingModelSerializationService
Event: 100.778 loading class org/jetbrains/plugins/gradle/tooling/serialization/AnnotationProcessingModelSerializationService done
Event: 100.782 loading class org/jetbrains/plugins/gradle/tooling/serialization/AnnotationProcessingModelSerializationService$WriteContext
Event: 100.782 loading class org/jetbrains/plugins/gradle/tooling/serialization/AnnotationProcessingModelSerializationService$WriteContext done
Event: 100.783 loading class org/jetbrains/plugins/gradle/tooling/serialization/AnnotationProcessingModelSerializationService$ReadContext
Event: 100.783 loading class org/jetbrains/plugins/gradle/tooling/serialization/AnnotationProcessingModelSerializationService$ReadContext done
Event: 100.783 loading class org/jetbrains/plugins/gradle/tooling/serialization/ProjectDependenciesSerializationService
Event: 100.783 loading class org/jetbrains/plugins/gradle/tooling/serialization/ProjectDependenciesSerializationService done
Event: 100.787 loading class org/jetbrains/plugins/gradle/tooling/serialization/ProjectDependenciesSerializationService$WriteContext
Event: 100.787 loading class org/jetbrains/plugins/gradle/tooling/serialization/ProjectDependenciesSerializationService$WriteContext done
Event: 100.787 loading class org/jetbrains/plugins/gradle/tooling/serialization/ProjectDependenciesSerializationService$ReadContext
Event: 100.787 loading class org/jetbrains/plugins/gradle/tooling/serialization/ProjectDependenciesSerializationService$ReadContext done
Event: 100.788 loading class org/jetbrains/plugins/gradle/tooling/serialization/KotlinDslScriptsModelSerializationService
Event: 100.788 loading class org/jetbrains/plugins/gradle/tooling/serialization/KotlinDslScriptsModelSerializationService done


Dynamic libraries:
0x00007ff6ac950000 - 0x00007ff6ac95e000 	C:\Users\Personal\.jdks\corretto-11.0.23\bin\java.exe
0x00007ffd48bd0000 - 0x00007ffd48de7000 	C:\WINDOWS\SYSTEM32\ntdll.dll
0x00007ffd478f0000 - 0x00007ffd479b4000 	C:\WINDOWS\System32\KERNEL32.DLL
0x00007ffd45ed0000 - 0x00007ffd46289000 	C:\WINDOWS\System32\KERNELBASE.dll
0x00007ffd463d0000 - 0x00007ffd464e1000 	C:\WINDOWS\System32\ucrtbase.dll
0x00007ffd3a770000 - 0x00007ffd3a787000 	C:\Users\Personal\.jdks\corretto-11.0.23\bin\jli.dll
0x00007ffd3a750000 - 0x00007ffd3a76b000 	C:\Users\Personal\.jdks\corretto-11.0.23\bin\VCRUNTIME140.dll
0x00007ffd47290000 - 0x00007ffd4743e000 	C:\WINDOWS\System32\USER32.dll
0x00007ffd46690000 - 0x00007ffd466b6000 	C:\WINDOWS\System32\win32u.dll
0x00007ffd46950000 - 0x00007ffd46979000 	C:\WINDOWS\System32\GDI32.dll
0x00007ffd464f0000 - 0x00007ffd4660b000 	C:\WINDOWS\System32\gdi32full.dll
0x00007ffd46300000 - 0x00007ffd4639a000 	C:\WINDOWS\System32\msvcp_win.dll
0x00007ffd30460000 - 0x00007ffd306f2000 	C:\WINDOWS\WinSxS\amd64_microsoft.windows.common-controls_6595b64144ccf1df_6.0.22621.4391_none_2715d37f73803e96\COMCTL32.dll
0x00007ffd48450000 - 0x00007ffd484f7000 	C:\WINDOWS\System32\msvcrt.dll
0x00007ffd47170000 - 0x00007ffd471a1000 	C:\WINDOWS\System32\IMM32.DLL
0x00007ffd3a740000 - 0x00007ffd3a74c000 	C:\Users\Personal\.jdks\corretto-11.0.23\bin\vcruntime140_1.dll
0x00007ffd3a6b0000 - 0x00007ffd3a73d000 	C:\Users\Personal\.jdks\corretto-11.0.23\bin\msvcp140.dll
0x00007ffcd14f0000 - 0x00007ffcd20b4000 	C:\Users\Personal\.jdks\corretto-11.0.23\bin\server\jvm.dll
0x00007ffd471b0000 - 0x00007ffd47262000 	C:\WINDOWS\System32\ADVAPI32.dll
0x00007ffd48660000 - 0x00007ffd48707000 	C:\WINDOWS\System32\sechost.dll
0x00007ffd463a0000 - 0x00007ffd463c8000 	C:\WINDOWS\System32\bcrypt.dll
0x00007ffd482a0000 - 0x00007ffd483b4000 	C:\WINDOWS\System32\RPCRT4.dll
0x00007ffd47880000 - 0x00007ffd47888000 	C:\WINDOWS\System32\PSAPI.DLL
0x00007ffd39bd0000 - 0x00007ffd39c04000 	C:\WINDOWS\SYSTEM32\WINMM.dll
0x00007ffd3a5a0000 - 0x00007ffd3a5a9000 	C:\WINDOWS\SYSTEM32\WSOCK32.dll
0x00007ffd485e0000 - 0x00007ffd48651000 	C:\WINDOWS\System32\WS2_32.dll
0x00007ffd2a620000 - 0x00007ffd2a62a000 	C:\WINDOWS\SYSTEM32\VERSION.dll
0x00007ffd44f80000 - 0x00007ffd44f98000 	C:\WINDOWS\SYSTEM32\kernel.appcore.dll
0x00007ffd3a6a0000 - 0x00007ffd3a6b0000 	C:\Users\Personal\.jdks\corretto-11.0.23\bin\verify.dll
0x00007ffd43910000 - 0x00007ffd43b42000 	C:\WINDOWS\SYSTEM32\DBGHELP.DLL
0x00007ffd474c0000 - 0x00007ffd4784f000 	C:\WINDOWS\System32\combase.dll
0x00007ffd48500000 - 0x00007ffd485d7000 	C:\WINDOWS\System32\OLEAUT32.dll
0x00007ffd273e0000 - 0x00007ffd27412000 	C:\WINDOWS\SYSTEM32\dbgcore.DLL
0x00007ffd46610000 - 0x00007ffd4668b000 	C:\WINDOWS\System32\bcryptPrimitives.dll
0x00007ffd2b1c0000 - 0x00007ffd2b1e8000 	C:\Users\Personal\.jdks\corretto-11.0.23\bin\java.dll
0x00007ffd3a690000 - 0x00007ffd3a69a000 	C:\Users\Personal\.jdks\corretto-11.0.23\bin\jimage.dll
0x00007ffd2ed30000 - 0x00007ffd2ed48000 	C:\Users\Personal\.jdks\corretto-11.0.23\bin\zip.dll
0x00007ffd47a20000 - 0x00007ffd48296000 	C:\WINDOWS\System32\SHELL32.dll
0x00007ffd43dd0000 - 0x00007ffd446d3000 	C:\WINDOWS\SYSTEM32\windows.storage.dll
0x00007ffd43c90000 - 0x00007ffd43dcf000 	C:\WINDOWS\SYSTEM32\wintypes.dll
0x00007ffd46eb0000 - 0x00007ffd46fa9000 	C:\WINDOWS\System32\SHCORE.dll
0x00007ffd468f0000 - 0x00007ffd4694e000 	C:\WINDOWS\System32\shlwapi.dll
0x00007ffd45e00000 - 0x00007ffd45e2b000 	C:\WINDOWS\SYSTEM32\profapi.dll
0x00007ffd2b160000 - 0x00007ffd2b179000 	C:\Users\Personal\.jdks\corretto-11.0.23\bin\net.dll
0x00007ffd3d070000 - 0x00007ffd3d1a6000 	C:\WINDOWS\SYSTEM32\WINHTTP.dll
0x00007ffd45480000 - 0x00007ffd454e9000 	C:\WINDOWS\system32\mswsock.dll
0x00007ffd2b140000 - 0x00007ffd2b152000 	C:\Users\Personal\.jdks\corretto-11.0.23\bin\nio.dll
0x00007ffd3a790000 - 0x00007ffd3a7b7000 	C:\Users\Personal\.gradle\native\e1d6ef7f7dcc3fd88c89a11ec53ec762bb8ba0a96d01ffa2cd45eb1d1d8dd5c5\windows-amd64\native-platform.dll
0x00007ffd1abb0000 - 0x00007ffd1acf4000 	C:\Users\Personal\.gradle\native\0d407fdbe67a94daf76414ababcb853783967236a71b16ec16e742cd7a986fd3\windows-amd64\native-platform-file-events.dll
0x00007ffd2b1b0000 - 0x00007ffd2b1b9000 	C:\Users\Personal\.jdks\corretto-11.0.23\bin\management.dll
0x00007ffd2b130000 - 0x00007ffd2b13b000 	C:\Users\Personal\.jdks\corretto-11.0.23\bin\management_ext.dll
0x00007ffd456d0000 - 0x00007ffd456eb000 	C:\WINDOWS\SYSTEM32\CRYPTSP.dll
0x00007ffd44ee0000 - 0x00007ffd44f15000 	C:\WINDOWS\system32\rsaenh.dll
0x00007ffd45570000 - 0x00007ffd45598000 	C:\WINDOWS\SYSTEM32\USERENV.dll
0x00007ffd456f0000 - 0x00007ffd456fc000 	C:\WINDOWS\SYSTEM32\CRYPTBASE.dll
0x00007ffd449e0000 - 0x00007ffd44a0d000 	C:\WINDOWS\SYSTEM32\IPHLPAPI.DLL
0x00007ffd47280000 - 0x00007ffd47289000 	C:\WINDOWS\System32\NSI.dll
0x00007ffd3d2f0000 - 0x00007ffd3d309000 	C:\WINDOWS\SYSTEM32\dhcpcsvc6.DLL
0x00007ffd3d2d0000 - 0x00007ffd3d2ef000 	C:\WINDOWS\SYSTEM32\dhcpcsvc.DLL
0x00007ffd44a10000 - 0x00007ffd44b12000 	C:\WINDOWS\SYSTEM32\DNSAPI.dll
0x00007ffd383c0000 - 0x00007ffd383e7000 	C:\Users\Personal\.jdks\corretto-11.0.23\bin\sunec.dll
0x00007ffd3d900000 - 0x00007ffd3d90a000 	C:\Windows\System32\rasadhlp.dll
0x00007ffd3a7c0000 - 0x00007ffd3a843000 	C:\WINDOWS\System32\fwpuclnt.dll
0x00007ffd3d5a0000 - 0x00007ffd3d5ae000 	C:\Users\Personal\.jdks\corretto-11.0.23\bin\sunmscapi.dll
0x00007ffd46780000 - 0x00007ffd468e6000 	C:\WINDOWS\System32\CRYPT32.dll
0x00007ffd45890000 - 0x00007ffd458bd000 	C:\WINDOWS\SYSTEM32\ncrypt.dll
0x00007ffd45850000 - 0x00007ffd45887000 	C:\WINDOWS\SYSTEM32\NTASN1.dll

dbghelp: loaded successfully - version: 4.0.5 - missing functions: none
symbol engine: initialized successfully - sym options: 0x614 - pdb path: .;C:\Users\Personal\.jdks\corretto-11.0.23\bin;C:\WINDOWS\SYSTEM32;C:\WINDOWS\WinSxS\amd64_microsoft.windows.common-controls_6595b64144ccf1df_6.0.22621.4391_none_2715d37f73803e96;C:\Users\Personal\.jdks\corretto-11.0.23\bin\server;C:\Users\Personal\.gradle\native\e1d6ef7f7dcc3fd88c89a11ec53ec762bb8ba0a96d01ffa2cd45eb1d1d8dd5c5\windows-amd64;C:\Users\Personal\.gradle\native\0d407fdbe67a94daf76414ababcb853783967236a71b16ec16e742cd7a986fd3\windows-amd64

VM Arguments:
jvm_args: --add-opens=java.base/java.util=ALL-UNNAMED --add-opens=java.base/java.lang=ALL-UNNAMED --add-opens=java.base/java.lang.invoke=ALL-UNNAMED --add-opens=java.base/java.util=ALL-UNNAMED --add-opens=java.prefs/java.util.prefs=ALL-UNNAMED --add-opens=java.prefs/java.util.prefs=ALL-UNNAMED --add-opens=java.base/java.nio.charset=ALL-UNNAMED --add-opens=java.base/java.net=ALL-UNNAMED --add-opens=java.base/java.util.concurrent.atomic=ALL-UNNAMED -Xmx2048m -Dfile.encoding=UTF-8 -Duser.country=ID -Duser.language=en -Duser.variant 
java_command: org.gradle.launcher.daemon.bootstrap.GradleDaemon 7.5
java_class_path (initial): C:\Users\Personal\.gradle\wrapper\dists\gradle-7.5-bin\f1w0cc9nuo0eivz97x2xlu9sv\gradle-7.5\lib\gradle-launcher-7.5.jar
Launcher Type: SUN_STANDARD

[Global flags]
     intx CICompilerCount                          = 3                                         {product} {ergonomic}
     uint ConcGCThreads                            = 1                                         {product} {ergonomic}
     uint G1ConcRefinementThreads                  = 4                                         {product} {ergonomic}
   size_t G1HeapRegionSize                         = 1048576                                   {product} {ergonomic}
    uintx GCDrainStackTargetSize                   = 64                                        {product} {ergonomic}
   size_t InitialHeapSize                          = 65011712                                  {product} {ergonomic}
   size_t MarkStackSize                            = 4194304                                   {product} {ergonomic}
   size_t MaxHeapSize                              = 2147483648                                {product} {command line}
   size_t MaxNewSize                               = 1287651328                                {product} {ergonomic}
   size_t MinHeapDeltaBytes                        = 1048576                                   {product} {ergonomic}
    uintx NonNMethodCodeHeapSize                   = 5830732                                {pd product} {ergonomic}
    uintx NonProfiledCodeHeapSize                  = 122913754                              {pd product} {ergonomic}
    uintx ProfiledCodeHeapSize                     = 122913754                              {pd product} {ergonomic}
    uintx ReservedCodeCacheSize                    = 251658240                              {pd product} {ergonomic}
     bool SegmentedCodeCache                       = true                                      {product} {ergonomic}
     bool UseCompressedClassPointers               = true                                 {lp64_product} {ergonomic}
     bool UseCompressedOops                        = true                                 {lp64_product} {ergonomic}
     bool UseG1GC                                  = true                                      {product} {ergonomic}
     bool UseLargePagesIndividualAllocation        = false                                  {pd product} {ergonomic}

Logging:
Log output configuration:
 #0: stdout all=warning uptime,level,tags
 #1: stderr all=off uptime,level,tags

Environment Variables:
PATH="C:\Program Files\Common Files\Oracle\Java\javapath;C:\xampp1\mysql\bin";C:\Program Files (x86)\Common Files\Intel\Shared Files\cpp\bin\Intel64;C:\WINDOWS\system32;C:\WINDOWS;C:\WINDOWS\System32\Wbem;C:\WINDOWS\System32\WindowsPowerShell\v1.0\;C:\WINDOWS\System32\OpenSSH\;C:\MinGW\bin;C:\xampp\php;C:\ProgramData\ComposerSetup\bin;C:\Program Files\MATLAB\MATLAB Runtime\R2022b\runtime\win64;C:\Program Files\MATLAB\MATLAB Runtime\v911\runtime\win64;C:\Program Files\Git\cmd;C:\Program Files (x86)\Microsoft SQL Server\100\Tools\Binn\;C:\Program Files\Microsoft SQL Server\100\Tools\Binn\;C:\Program Files\Microsoft SQL Server\100\DTS\Binn\;C:\Program Files\Docker\Docker\resources\bin;C:\minikube;C:\Users\Personal\AppData\Local\Programs\Python\Python312\Scripts\;C:\Users\Personal\AppData\Local\Programs\Python\Python312\;C:\WINDOWS\system32\config\systemprofile\AppData\Local\Microsoft\WindowsApps;;C:\Users\Personal\AppData\Local\Programs\Microsoft VS Code\bin;C:\Users\Personal\AppData\Roaming\Composer\vendor\bin;C:\Users\Personal\AppData\Local\Programs\oh-my-posh\bin;C:\Users\Personal\AppData\Local\Programs\Lens\resources\cli\bin
USERNAME=assalammualaikum
OS=Windows_NT
PROCESSOR_IDENTIFIER=Intel64 Family 6 Model 140 Stepping 1, GenuineIntel
TMP=C:\Users\Personal\AppData\Local\Temp
TEMP=C:\Users\Personal\AppData\Local\Temp



---------------  S Y S T E M  ---------------

OS: Windows 11 , 64 bit Build 22621 (10.0.22621.4391)
OS uptime: 0 days 1:21 hours
Hyper-V role detected

CPU:total 4 (initial active 4) (2 cores per cpu, 2 threads per core) family 6 model 140 stepping 1 microcode 0x8a, cmov, cx8, fxsr, mmx, sse, sse2, sse3, ssse3, sse4.1, sse4.2, popcnt, avx, avx2, aes, clmul, erms, 3dnowpref, lzcnt, ht, tsc, tscinvbit, bmi1, bmi2, adx, evex, sha, fma

Memory: 4k page, system-wide physical 3875M (11M free)
TotalPageFile size 11723M (AvailPageFile size 1M)
current process WorkingSet (physical memory assigned to process): 229M, peak: 243M
current process commit charge ("private bytes"): 410M, peak: 419M

vm_info: OpenJDK 64-Bit Server VM (11.0.23+9-LTS) for windows-amd64 JRE (11.0.23+9-LTS), built on Apr 10 2024 18:40:41 by "Administrator" with MS VC++ 16.10 / 16.11 (VS2019)

END.
